[0.990s] Invoking command in '/home/lucasgewehr/ros2_ws/src/build/crazyflie_sim': AMENT_PREFIX_PATH=/home/lucasgewehr/ros2_ws/src/install/crazyflie_interfaces:${AMENT_PREFIX_PATH} CMAKE_PREFIX_PATH=/home/lucasgewehr/ros2_ws/src/install/crazyflie_interfaces:/opt/ros/humble LD_LIBRARY_PATH=/home/lucasgewehr/ros2_ws/src/install/crazyflie_interfaces/lib:${LD_LIBRARY_PATH} PYTHONPATH=/home/lucasgewehr/ros2_ws/src/install/crazyflie_interfaces/local/lib/python3.10/dist-packages:${PYTHONPATH} /usr/bin/cmake /home/lucasgewehr/ros2_ws/src/crazyswarm2/crazyflie_sim -DAMENT_CMAKE_SYMLINK_INSTALL=1 -DCMAKE_INSTALL_PREFIX=/home/lucasgewehr/ros2_ws/src/install/crazyflie_sim
[1.273s] -- The C compiler identification is GNU 11.4.0
[1.583s] -- The CXX compiler identification is GNU 11.4.0
[1.615s] -- Detecting C compiler ABI info
[2.030s] -- Detecting C compiler ABI info - done
[2.064s] -- Check for working C compiler: /usr/bin/cc - skipped
[2.065s] -- Detecting C compile features
[2.066s] -- Detecting C compile features - done
[2.077s] -- Detecting CXX compiler ABI info
[2.499s] -- Detecting CXX compiler ABI info - done
[2.528s] -- Check for working CXX compiler: /usr/bin/c++ - skipped
[2.530s] -- Detecting CXX compile features
[2.533s] -- Detecting CXX compile features - done
[2.545s] -- Found ament_cmake: 1.3.5 (/opt/ros/humble/share/ament_cmake/cmake)
[3.467s] -- Found Python3: /usr/bin/python3.10 (found version "3.10.12") found components: Interpreter 
[3.770s] -- Override CMake install command with custom implementation using symlinks instead of copying resources
[4.543s] -- Configuring done
[4.563s] -- Generating done
[4.568s] -- Build files have been written to: /home/lucasgewehr/ros2_ws/src/build/crazyflie_sim
[4.586s] Invoked command in '/home/lucasgewehr/ros2_ws/src/build/crazyflie_sim' returned '0': AMENT_PREFIX_PATH=/home/lucasgewehr/ros2_ws/src/install/crazyflie_interfaces:${AMENT_PREFIX_PATH} CMAKE_PREFIX_PATH=/home/lucasgewehr/ros2_ws/src/install/crazyflie_interfaces:/opt/ros/humble LD_LIBRARY_PATH=/home/lucasgewehr/ros2_ws/src/install/crazyflie_interfaces/lib:${LD_LIBRARY_PATH} PYTHONPATH=/home/lucasgewehr/ros2_ws/src/install/crazyflie_interfaces/local/lib/python3.10/dist-packages:${PYTHONPATH} /usr/bin/cmake /home/lucasgewehr/ros2_ws/src/crazyswarm2/crazyflie_sim -DAMENT_CMAKE_SYMLINK_INSTALL=1 -DCMAKE_INSTALL_PREFIX=/home/lucasgewehr/ros2_ws/src/install/crazyflie_sim
[4.587s] Invoking command in '/home/lucasgewehr/ros2_ws/src/build/crazyflie_sim': AMENT_PREFIX_PATH=/home/lucasgewehr/ros2_ws/src/install/crazyflie_interfaces:${AMENT_PREFIX_PATH} CMAKE_PREFIX_PATH=/home/lucasgewehr/ros2_ws/src/install/crazyflie_interfaces:/opt/ros/humble LD_LIBRARY_PATH=/home/lucasgewehr/ros2_ws/src/install/crazyflie_interfaces/lib:${LD_LIBRARY_PATH} PYTHONPATH=/home/lucasgewehr/ros2_ws/src/install/crazyflie_interfaces/local/lib/python3.10/dist-packages:${PYTHONPATH} /usr/bin/cmake --build /home/lucasgewehr/ros2_ws/src/build/crazyflie_sim -- -j4 -l4
[4.828s] Built target ament_cmake_python_symlink_crazyflie_sim_setup
[4.890s] Built target ament_cmake_python_symlink_crazyflie_sim
[5.984s] running egg_info
[5.987s] creating crazyflie_sim.egg-info
[5.988s] writing crazyflie_sim.egg-info/PKG-INFO
[5.988s] writing dependency_links to crazyflie_sim.egg-info/dependency_links.txt
[5.990s] writing entry points to crazyflie_sim.egg-info/entry_points.txt
[5.992s] writing top-level names to crazyflie_sim.egg-info/top_level.txt
[5.993s] writing manifest file 'crazyflie_sim.egg-info/SOURCES.txt'
[5.999s] reading manifest file 'crazyflie_sim.egg-info/SOURCES.txt'
[6.001s] writing manifest file 'crazyflie_sim.egg-info/SOURCES.txt'
[6.142s] Built target ament_cmake_python_build_crazyflie_sim_egg
[7.201s] running install_scripts
[7.211s] /usr/lib/python3/dist-packages/setuptools/command/install.py:34: SetuptoolsDeprecationWarning: setup.py install is deprecated. Use build and pip and other standards-based tools.
[7.211s]   warnings.warn(
[7.258s] running egg_info
[7.260s] writing crazyflie_sim.egg-info/PKG-INFO
[7.261s] writing dependency_links to crazyflie_sim.egg-info/dependency_links.txt
[7.262s] writing entry points to crazyflie_sim.egg-info/entry_points.txt
[7.262s] writing top-level names to crazyflie_sim.egg-info/top_level.txt
[7.266s] reading manifest file 'crazyflie_sim.egg-info/SOURCES.txt'
[7.268s] writing manifest file 'crazyflie_sim.egg-info/SOURCES.txt'
[7.272s] Installing crazyflie_server script to scripts
[7.431s] Built target ament_cmake_python_build_crazyflie_sim_scripts
[7.478s] Invoked command in '/home/lucasgewehr/ros2_ws/src/build/crazyflie_sim' returned '0': AMENT_PREFIX_PATH=/home/lucasgewehr/ros2_ws/src/install/crazyflie_interfaces:${AMENT_PREFIX_PATH} CMAKE_PREFIX_PATH=/home/lucasgewehr/ros2_ws/src/install/crazyflie_interfaces:/opt/ros/humble LD_LIBRARY_PATH=/home/lucasgewehr/ros2_ws/src/install/crazyflie_interfaces/lib:${LD_LIBRARY_PATH} PYTHONPATH=/home/lucasgewehr/ros2_ws/src/install/crazyflie_interfaces/local/lib/python3.10/dist-packages:${PYTHONPATH} /usr/bin/cmake --build /home/lucasgewehr/ros2_ws/src/build/crazyflie_sim -- -j4 -l4
[7.764s] Invoking command in '/home/lucasgewehr/ros2_ws/src/build/crazyflie_sim': AMENT_PREFIX_PATH=/home/lucasgewehr/ros2_ws/src/install/crazyflie_interfaces:${AMENT_PREFIX_PATH} CMAKE_PREFIX_PATH=/home/lucasgewehr/ros2_ws/src/install/crazyflie_interfaces:/opt/ros/humble LD_LIBRARY_PATH=/home/lucasgewehr/ros2_ws/src/install/crazyflie_interfaces/lib:${LD_LIBRARY_PATH} PYTHONPATH=/home/lucasgewehr/ros2_ws/src/install/crazyflie_interfaces/local/lib/python3.10/dist-packages:${PYTHONPATH} /usr/bin/cmake --install /home/lucasgewehr/ros2_ws/src/build/crazyflie_sim
[7.794s] -- Install configuration: ""
[7.795s] -- Execute custom install script
[7.796s] -- Symlinking: /home/lucasgewehr/ros2_ws/src/install/crazyflie_sim/share/crazyflie_sim/environment/pythonpath.sh
[7.827s] -- Symlinking: /home/lucasgewehr/ros2_ws/src/install/crazyflie_sim/share/crazyflie_sim/environment/pythonpath.dsv
[7.871s] -- Symlinking: /home/lucasgewehr/ros2_ws/src/install/crazyflie_sim/local/lib/python3.10/dist-packages/crazyflie_sim-2.0.0-py3.10.egg-info/PKG-INFO
[7.906s] -- Symlinking: /home/lucasgewehr/ros2_ws/src/install/crazyflie_sim/local/lib/python3.10/dist-packages/crazyflie_sim-2.0.0-py3.10.egg-info/SOURCES.txt
[7.942s] -- Symlinking: /home/lucasgewehr/ros2_ws/src/install/crazyflie_sim/local/lib/python3.10/dist-packages/crazyflie_sim-2.0.0-py3.10.egg-info/dependency_links.txt
[7.979s] -- Symlinking: /home/lucasgewehr/ros2_ws/src/install/crazyflie_sim/local/lib/python3.10/dist-packages/crazyflie_sim-2.0.0-py3.10.egg-info/entry_points.txt
[8.023s] -- Symlinking: /home/lucasgewehr/ros2_ws/src/install/crazyflie_sim/local/lib/python3.10/dist-packages/crazyflie_sim-2.0.0-py3.10.egg-info/top_level.txt
[8.060s] -- Symlinking: /home/lucasgewehr/ros2_ws/src/install/crazyflie_sim/lib/crazyflie_sim//crazyflie_server
[8.100s] -- Symlinking: /home/lucasgewehr/ros2_ws/src/install/crazyflie_sim/local/lib/python3.10/dist-packages/crazyflie_sim/__init__.py
[8.151s] -- Symlinking: /home/lucasgewehr/ros2_ws/src/install/crazyflie_sim/local/lib/python3.10/dist-packages/crazyflie_sim/backend/none.py
[8.187s] -- Symlinking: /home/lucasgewehr/ros2_ws/src/install/crazyflie_sim/local/lib/python3.10/dist-packages/crazyflie_sim/backend/np.py
[8.226s] -- Symlinking: /home/lucasgewehr/ros2_ws/src/install/crazyflie_sim/local/lib/python3.10/dist-packages/crazyflie_sim/crazyflie_server.py
[8.252s] -- Symlinking: /home/lucasgewehr/ros2_ws/src/install/crazyflie_sim/local/lib/python3.10/dist-packages/crazyflie_sim/crazyflie_sil.py
[8.291s] -- Symlinking: /home/lucasgewehr/ros2_ws/src/install/crazyflie_sim/local/lib/python3.10/dist-packages/crazyflie_sim/sim_data_types.py
[8.328s] -- Symlinking: /home/lucasgewehr/ros2_ws/src/install/crazyflie_sim/local/lib/python3.10/dist-packages/crazyflie_sim/visualization/README.md
[8.375s] -- Symlinking: /home/lucasgewehr/ros2_ws/src/install/crazyflie_sim/local/lib/python3.10/dist-packages/crazyflie_sim/visualization/blender.py
[8.435s] -- Symlinking: /home/lucasgewehr/ros2_ws/src/install/crazyflie_sim/local/lib/python3.10/dist-packages/crazyflie_sim/visualization/data/README.md
[8.474s] -- Symlinking: /home/lucasgewehr/ros2_ws/src/install/crazyflie_sim/local/lib/python3.10/dist-packages/crazyflie_sim/visualization/data/env/abandoned_greenhouse.jpg
[8.514s] -- Symlinking: /home/lucasgewehr/ros2_ws/src/install/crazyflie_sim/local/lib/python3.10/dist-packages/crazyflie_sim/visualization/data/env/aerodynamics_workshop.jpg
[8.573s] -- Symlinking: /home/lucasgewehr/ros2_ws/src/install/crazyflie_sim/local/lib/python3.10/dist-packages/crazyflie_sim/visualization/data/env/aviation_museum.jpg
[8.609s] -- Symlinking: /home/lucasgewehr/ros2_ws/src/install/crazyflie_sim/local/lib/python3.10/dist-packages/crazyflie_sim/visualization/data/env/crosswalk.jpg
[8.639s] -- Symlinking: /home/lucasgewehr/ros2_ws/src/install/crazyflie_sim/local/lib/python3.10/dist-packages/crazyflie_sim/visualization/data/env/derelict_overpass.jpg
[8.675s] -- Symlinking: /home/lucasgewehr/ros2_ws/src/install/crazyflie_sim/local/lib/python3.10/dist-packages/crazyflie_sim/visualization/data/env/env.jpg
[8.699s] -- Symlinking: /home/lucasgewehr/ros2_ws/src/install/crazyflie_sim/local/lib/python3.10/dist-packages/crazyflie_sim/visualization/data/env/lago_disola.jpg
[8.714s] -- Symlinking: /home/lucasgewehr/ros2_ws/src/install/crazyflie_sim/local/lib/python3.10/dist-packages/crazyflie_sim/visualization/data/env/lake_pier.jpg
[8.728s] -- Symlinking: /home/lucasgewehr/ros2_ws/src/install/crazyflie_sim/local/lib/python3.10/dist-packages/crazyflie_sim/visualization/data/env/machine_shop.jpg
[8.770s] -- Symlinking: /home/lucasgewehr/ros2_ws/src/install/crazyflie_sim/local/lib/python3.10/dist-packages/crazyflie_sim/visualization/data/env/museumplein.jpg
[8.806s] -- Symlinking: /home/lucasgewehr/ros2_ws/src/install/crazyflie_sim/local/lib/python3.10/dist-packages/crazyflie_sim/visualization/data/env/peppermint_powerplant.jpg
[8.838s] -- Symlinking: /home/lucasgewehr/ros2_ws/src/install/crazyflie_sim/local/lib/python3.10/dist-packages/crazyflie_sim/visualization/data/env/studio_garden.jpg
[8.879s] -- Symlinking: /home/lucasgewehr/ros2_ws/src/install/crazyflie_sim/local/lib/python3.10/dist-packages/crazyflie_sim/visualization/data/model/cf.mtl
[8.927s] -- Symlinking: /home/lucasgewehr/ros2_ws/src/install/crazyflie_sim/local/lib/python3.10/dist-packages/crazyflie_sim/visualization/data/model/cf.obj
[8.963s] -- Symlinking: /home/lucasgewehr/ros2_ws/src/install/crazyflie_sim/local/lib/python3.10/dist-packages/crazyflie_sim/visualization/pdf.py
[9.002s] -- Symlinking: /home/lucasgewehr/ros2_ws/src/install/crazyflie_sim/local/lib/python3.10/dist-packages/crazyflie_sim/visualization/record_states.py
[9.051s] -- Symlinking: /home/lucasgewehr/ros2_ws/src/install/crazyflie_sim/local/lib/python3.10/dist-packages/crazyflie_sim/visualization/rviz.py
[9.084s] -- Symlinking: /home/lucasgewehr/ros2_ws/src/install/crazyflie_sim/share/ament_index/resource_index/package_run_dependencies/crazyflie_sim
[9.126s] -- Symlinking: /home/lucasgewehr/ros2_ws/src/install/crazyflie_sim/share/ament_index/resource_index/parent_prefix_path/crazyflie_sim
[9.166s] -- Symlinking: /home/lucasgewehr/ros2_ws/src/install/crazyflie_sim/share/crazyflie_sim/environment/ament_prefix_path.sh
[9.214s] -- Symlinking: /home/lucasgewehr/ros2_ws/src/install/crazyflie_sim/share/crazyflie_sim/environment/ament_prefix_path.dsv
[9.264s] -- Symlinking: /home/lucasgewehr/ros2_ws/src/install/crazyflie_sim/share/crazyflie_sim/environment/path.sh
[9.300s] -- Symlinking: /home/lucasgewehr/ros2_ws/src/install/crazyflie_sim/share/crazyflie_sim/environment/path.dsv
[9.340s] -- Symlinking: /home/lucasgewehr/ros2_ws/src/install/crazyflie_sim/share/crazyflie_sim/local_setup.bash
[9.377s] -- Symlinking: /home/lucasgewehr/ros2_ws/src/install/crazyflie_sim/share/crazyflie_sim/local_setup.sh
[9.408s] -- Symlinking: /home/lucasgewehr/ros2_ws/src/install/crazyflie_sim/share/crazyflie_sim/local_setup.zsh
[9.455s] -- Symlinking: /home/lucasgewehr/ros2_ws/src/install/crazyflie_sim/share/crazyflie_sim/local_setup.dsv
[9.487s] -- Symlinking: /home/lucasgewehr/ros2_ws/src/install/crazyflie_sim/share/crazyflie_sim/package.dsv
[9.508s] -- Symlinking: /home/lucasgewehr/ros2_ws/src/install/crazyflie_sim/share/ament_index/resource_index/packages/crazyflie_sim
[9.523s] -- Symlinking: /home/lucasgewehr/ros2_ws/src/install/crazyflie_sim/share/crazyflie_sim/cmake/crazyflie_simConfig.cmake
[9.572s] -- Symlinking: /home/lucasgewehr/ros2_ws/src/install/crazyflie_sim/share/crazyflie_sim/cmake/crazyflie_simConfig-version.cmake
[9.628s] -- Symlinking: /home/lucasgewehr/ros2_ws/src/install/crazyflie_sim/share/crazyflie_sim/package.xml
[9.883s] Listing '/home/lucasgewehr/ros2_ws/src/install/crazyflie_sim/local/lib/python3.10/dist-packages/crazyflie_sim'...
[9.883s] Compiling '/home/lucasgewehr/ros2_ws/src/install/crazyflie_sim/local/lib/python3.10/dist-packages/crazyflie_sim/__init__.py'...
[9.883s] Listing '/home/lucasgewehr/ros2_ws/src/install/crazyflie_sim/local/lib/python3.10/dist-packages/crazyflie_sim/backend'...
[9.883s] Compiling '/home/lucasgewehr/ros2_ws/src/install/crazyflie_sim/local/lib/python3.10/dist-packages/crazyflie_sim/backend/none.py'...
[9.883s] Compiling '/home/lucasgewehr/ros2_ws/src/install/crazyflie_sim/local/lib/python3.10/dist-packages/crazyflie_sim/backend/np.py'...
[9.884s] Compiling '/home/lucasgewehr/ros2_ws/src/install/crazyflie_sim/local/lib/python3.10/dist-packages/crazyflie_sim/crazyflie_server.py'...
[9.884s] Compiling '/home/lucasgewehr/ros2_ws/src/install/crazyflie_sim/local/lib/python3.10/dist-packages/crazyflie_sim/crazyflie_sil.py'...
[9.884s] Compiling '/home/lucasgewehr/ros2_ws/src/install/crazyflie_sim/local/lib/python3.10/dist-packages/crazyflie_sim/sim_data_types.py'...
[9.884s] Listing '/home/lucasgewehr/ros2_ws/src/install/crazyflie_sim/local/lib/python3.10/dist-packages/crazyflie_sim/visualization'...
[9.884s] Compiling '/home/lucasgewehr/ros2_ws/src/install/crazyflie_sim/local/lib/python3.10/dist-packages/crazyflie_sim/visualization/blender.py'...
[9.884s] Listing '/home/lucasgewehr/ros2_ws/src/install/crazyflie_sim/local/lib/python3.10/dist-packages/crazyflie_sim/visualization/data'...
[9.884s] Listing '/home/lucasgewehr/ros2_ws/src/install/crazyflie_sim/local/lib/python3.10/dist-packages/crazyflie_sim/visualization/data/env'...
[9.884s] Listing '/home/lucasgewehr/ros2_ws/src/install/crazyflie_sim/local/lib/python3.10/dist-packages/crazyflie_sim/visualization/data/model'...
[9.884s] Compiling '/home/lucasgewehr/ros2_ws/src/install/crazyflie_sim/local/lib/python3.10/dist-packages/crazyflie_sim/visualization/pdf.py'...
[9.885s] Compiling '/home/lucasgewehr/ros2_ws/src/install/crazyflie_sim/local/lib/python3.10/dist-packages/crazyflie_sim/visualization/record_states.py'...
[9.885s] Compiling '/home/lucasgewehr/ros2_ws/src/install/crazyflie_sim/local/lib/python3.10/dist-packages/crazyflie_sim/visualization/rviz.py'...
[9.915s] Invoked command in '/home/lucasgewehr/ros2_ws/src/build/crazyflie_sim' returned '0': AMENT_PREFIX_PATH=/home/lucasgewehr/ros2_ws/src/install/crazyflie_interfaces:${AMENT_PREFIX_PATH} CMAKE_PREFIX_PATH=/home/lucasgewehr/ros2_ws/src/install/crazyflie_interfaces:/opt/ros/humble LD_LIBRARY_PATH=/home/lucasgewehr/ros2_ws/src/install/crazyflie_interfaces/lib:${LD_LIBRARY_PATH} PYTHONPATH=/home/lucasgewehr/ros2_ws/src/install/crazyflie_interfaces/local/lib/python3.10/dist-packages:${PYTHONPATH} /usr/bin/cmake --install /home/lucasgewehr/ros2_ws/src/build/crazyflie_sim
