[0.134s] Invoking command in '/home/lucasgewehr/ros2_ws/build/crazyflie_examples': AMENT_PREFIX_PATH=/home/lucasgewehr/ros2_ws/install/crazyflie_py:/home/lucasgewehr/ros2_ws/install/crazyflie_interfaces:${AMENT_PREFIX_PATH} CMAKE_PREFIX_PATH=/home/lucasgewehr/ros2_ws/install/crazyflie_interfaces:/opt/ros/humble LD_LIBRARY_PATH=/home/lucasgewehr/ros2_ws/install/crazyflie_interfaces/lib:${LD_LIBRARY_PATH} PYTHONPATH=/home/lucasgewehr/ros2_ws/build/crazyflie_py:/home/lucasgewehr/ros2_ws/install/crazyflie_py/lib/python3.10/site-packages:/home/lucasgewehr/ros2_ws/install/crazyflie_interfaces/local/lib/python3.10/dist-packages:${PYTHONPATH} /usr/bin/cmake /home/lucasgewehr/ros2_ws/src/crazyswarm2/crazyflie_examples -DAMENT_CMAKE_SYMLINK_INSTALL=1 -DCMAKE_INSTALL_PREFIX=/home/lucasgewehr/ros2_ws/install/crazyflie_examples
[0.738s] -- The C compiler identification is GNU 11.4.0
[1.435s] -- The CXX compiler identification is GNU 11.4.0
[1.545s] -- Detecting C compiler ABI info
[2.389s] -- Detecting C compiler ABI info - done
[2.467s] -- Check for working C compiler: /usr/bin/cc - skipped
[2.468s] -- Detecting C compile features
[2.470s] -- Detecting C compile features - done
[2.511s] -- Detecting CXX compiler ABI info
[3.132s] -- Detecting CXX compiler ABI info - done
[3.281s] -- Check for working CXX compiler: /usr/bin/c++ - skipped
[3.282s] -- Detecting CXX compile features
[3.289s] -- Detecting CXX compile features - done
[3.315s] -- Found ament_cmake: 1.3.5 (/opt/ros/humble/share/ament_cmake/cmake)
[5.148s] -- Found Python3: /usr/bin/python3.10 (found version "3.10.12") found components: Interpreter 
[6.034s] -- Override CMake install command with custom implementation using symlinks instead of copying resources
[7.947s] -- Configuring done
[7.996s] -- Generating done
[8.006s] -- Build files have been written to: /home/lucasgewehr/ros2_ws/build/crazyflie_examples
[8.018s] Invoked command in '/home/lucasgewehr/ros2_ws/build/crazyflie_examples' returned '0': AMENT_PREFIX_PATH=/home/lucasgewehr/ros2_ws/install/crazyflie_py:/home/lucasgewehr/ros2_ws/install/crazyflie_interfaces:${AMENT_PREFIX_PATH} CMAKE_PREFIX_PATH=/home/lucasgewehr/ros2_ws/install/crazyflie_interfaces:/opt/ros/humble LD_LIBRARY_PATH=/home/lucasgewehr/ros2_ws/install/crazyflie_interfaces/lib:${LD_LIBRARY_PATH} PYTHONPATH=/home/lucasgewehr/ros2_ws/build/crazyflie_py:/home/lucasgewehr/ros2_ws/install/crazyflie_py/lib/python3.10/site-packages:/home/lucasgewehr/ros2_ws/install/crazyflie_interfaces/local/lib/python3.10/dist-packages:${PYTHONPATH} /usr/bin/cmake /home/lucasgewehr/ros2_ws/src/crazyswarm2/crazyflie_examples -DAMENT_CMAKE_SYMLINK_INSTALL=1 -DCMAKE_INSTALL_PREFIX=/home/lucasgewehr/ros2_ws/install/crazyflie_examples
[8.023s] Invoking command in '/home/lucasgewehr/ros2_ws/build/crazyflie_examples': AMENT_PREFIX_PATH=/home/lucasgewehr/ros2_ws/install/crazyflie_py:/home/lucasgewehr/ros2_ws/install/crazyflie_interfaces:${AMENT_PREFIX_PATH} CMAKE_PREFIX_PATH=/home/lucasgewehr/ros2_ws/install/crazyflie_interfaces:/opt/ros/humble LD_LIBRARY_PATH=/home/lucasgewehr/ros2_ws/install/crazyflie_interfaces/lib:${LD_LIBRARY_PATH} PYTHONPATH=/home/lucasgewehr/ros2_ws/build/crazyflie_py:/home/lucasgewehr/ros2_ws/install/crazyflie_py/lib/python3.10/site-packages:/home/lucasgewehr/ros2_ws/install/crazyflie_interfaces/local/lib/python3.10/dist-packages:${PYTHONPATH} /usr/bin/cmake --build /home/lucasgewehr/ros2_ws/build/crazyflie_examples -- -j4 -l4
[8.228s] Built target ament_cmake_python_symlink_crazyflie_examples_setup
[8.322s] Built target ament_cmake_python_symlink_crazyflie_examples
[9.767s] running egg_info
[9.769s] creating crazyflie_examples.egg-info
[9.771s] writing crazyflie_examples.egg-info/PKG-INFO
[9.772s] writing dependency_links to crazyflie_examples.egg-info/dependency_links.txt
[9.772s] writing entry points to crazyflie_examples.egg-info/entry_points.txt
[9.773s] writing top-level names to crazyflie_examples.egg-info/top_level.txt
[9.774s] writing manifest file 'crazyflie_examples.egg-info/SOURCES.txt'
[9.798s] reading manifest file 'crazyflie_examples.egg-info/SOURCES.txt'
[9.803s] writing manifest file 'crazyflie_examples.egg-info/SOURCES.txt'
[9.915s] Built target ament_cmake_python_build_crazyflie_examples_egg
[11.150s] running install_scripts
[11.157s] /usr/lib/python3/dist-packages/setuptools/command/install.py:34: SetuptoolsDeprecationWarning: setup.py install is deprecated. Use build and pip and other standards-based tools.
[11.158s]   warnings.warn(
[11.261s] running egg_info
[11.264s] writing crazyflie_examples.egg-info/PKG-INFO
[11.264s] writing dependency_links to crazyflie_examples.egg-info/dependency_links.txt
[11.265s] writing entry points to crazyflie_examples.egg-info/entry_points.txt
[11.265s] writing top-level names to crazyflie_examples.egg-info/top_level.txt
[11.271s] reading manifest file 'crazyflie_examples.egg-info/SOURCES.txt'
[11.273s] writing manifest file 'crazyflie_examples.egg-info/SOURCES.txt'
[11.277s] Installing cmd_full_state script to scripts
[11.277s] Installing figure8 script to scripts
[11.277s] Installing hello_world script to scripts
[11.278s] Installing multi_trajectory script to scripts
[11.278s] Installing nice_hover script to scripts
[11.278s] Installing set_param script to scripts
[11.374s] Built target ament_cmake_python_build_crazyflie_examples_scripts
[11.419s] Invoked command in '/home/lucasgewehr/ros2_ws/build/crazyflie_examples' returned '0': AMENT_PREFIX_PATH=/home/lucasgewehr/ros2_ws/install/crazyflie_py:/home/lucasgewehr/ros2_ws/install/crazyflie_interfaces:${AMENT_PREFIX_PATH} CMAKE_PREFIX_PATH=/home/lucasgewehr/ros2_ws/install/crazyflie_interfaces:/opt/ros/humble LD_LIBRARY_PATH=/home/lucasgewehr/ros2_ws/install/crazyflie_interfaces/lib:${LD_LIBRARY_PATH} PYTHONPATH=/home/lucasgewehr/ros2_ws/build/crazyflie_py:/home/lucasgewehr/ros2_ws/install/crazyflie_py/lib/python3.10/site-packages:/home/lucasgewehr/ros2_ws/install/crazyflie_interfaces/local/lib/python3.10/dist-packages:${PYTHONPATH} /usr/bin/cmake --build /home/lucasgewehr/ros2_ws/build/crazyflie_examples -- -j4 -l4
[11.537s] Invoking command in '/home/lucasgewehr/ros2_ws/build/crazyflie_examples': AMENT_PREFIX_PATH=/home/lucasgewehr/ros2_ws/install/crazyflie_py:/home/lucasgewehr/ros2_ws/install/crazyflie_interfaces:${AMENT_PREFIX_PATH} CMAKE_PREFIX_PATH=/home/lucasgewehr/ros2_ws/install/crazyflie_interfaces:/opt/ros/humble LD_LIBRARY_PATH=/home/lucasgewehr/ros2_ws/install/crazyflie_interfaces/lib:${LD_LIBRARY_PATH} PYTHONPATH=/home/lucasgewehr/ros2_ws/build/crazyflie_py:/home/lucasgewehr/ros2_ws/install/crazyflie_py/lib/python3.10/site-packages:/home/lucasgewehr/ros2_ws/install/crazyflie_interfaces/local/lib/python3.10/dist-packages:${PYTHONPATH} /usr/bin/cmake --install /home/lucasgewehr/ros2_ws/build/crazyflie_examples
[11.564s] -- Install configuration: ""
[11.571s] -- Execute custom install script
[11.573s] -- Symlinking: /home/lucasgewehr/ros2_ws/install/crazyflie_examples/share/crazyflie_examples/environment/pythonpath.sh
[11.598s] -- Symlinking: /home/lucasgewehr/ros2_ws/install/crazyflie_examples/share/crazyflie_examples/environment/pythonpath.dsv
[11.635s] -- Symlinking: /home/lucasgewehr/ros2_ws/install/crazyflie_examples/local/lib/python3.10/dist-packages/crazyflie_examples-2.0.0-py3.10.egg-info/PKG-INFO
[11.651s] -- Symlinking: /home/lucasgewehr/ros2_ws/install/crazyflie_examples/local/lib/python3.10/dist-packages/crazyflie_examples-2.0.0-py3.10.egg-info/SOURCES.txt
[11.682s] -- Symlinking: /home/lucasgewehr/ros2_ws/install/crazyflie_examples/local/lib/python3.10/dist-packages/crazyflie_examples-2.0.0-py3.10.egg-info/dependency_links.txt
[11.702s] -- Symlinking: /home/lucasgewehr/ros2_ws/install/crazyflie_examples/local/lib/python3.10/dist-packages/crazyflie_examples-2.0.0-py3.10.egg-info/entry_points.txt
[11.723s] -- Symlinking: /home/lucasgewehr/ros2_ws/install/crazyflie_examples/local/lib/python3.10/dist-packages/crazyflie_examples-2.0.0-py3.10.egg-info/top_level.txt
[11.749s] -- Symlinking: /home/lucasgewehr/ros2_ws/install/crazyflie_examples/lib/crazyflie_examples//cmd_full_state
[11.763s] -- Symlinking: /home/lucasgewehr/ros2_ws/install/crazyflie_examples/lib/crazyflie_examples//figure8
[11.791s] -- Symlinking: /home/lucasgewehr/ros2_ws/install/crazyflie_examples/lib/crazyflie_examples//hello_world
[11.814s] -- Symlinking: /home/lucasgewehr/ros2_ws/install/crazyflie_examples/lib/crazyflie_examples//multi_trajectory
[11.852s] -- Symlinking: /home/lucasgewehr/ros2_ws/install/crazyflie_examples/lib/crazyflie_examples//nice_hover
[11.871s] -- Symlinking: /home/lucasgewehr/ros2_ws/install/crazyflie_examples/lib/crazyflie_examples//set_param
[11.915s] -- Symlinking: /home/lucasgewehr/ros2_ws/install/crazyflie_examples/local/lib/python3.10/dist-packages/crazyflie_examples/__init__.py
[11.949s] -- Symlinking: /home/lucasgewehr/ros2_ws/install/crazyflie_examples/local/lib/python3.10/dist-packages/crazyflie_examples/cmd_full_state.py
[11.974s] -- Symlinking: /home/lucasgewehr/ros2_ws/install/crazyflie_examples/local/lib/python3.10/dist-packages/crazyflie_examples/data/figure8.csv
[12.021s] -- Symlinking: /home/lucasgewehr/ros2_ws/install/crazyflie_examples/local/lib/python3.10/dist-packages/crazyflie_examples/data/multi_trajectory/traj0.csv
[12.052s] -- Symlinking: /home/lucasgewehr/ros2_ws/install/crazyflie_examples/local/lib/python3.10/dist-packages/crazyflie_examples/data/multi_trajectory/traj1.csv
[12.080s] -- Symlinking: /home/lucasgewehr/ros2_ws/install/crazyflie_examples/local/lib/python3.10/dist-packages/crazyflie_examples/figure8.py
[12.114s] -- Symlinking: /home/lucasgewehr/ros2_ws/install/crazyflie_examples/local/lib/python3.10/dist-packages/crazyflie_examples/hello_world.py
[12.137s] -- Symlinking: /home/lucasgewehr/ros2_ws/install/crazyflie_examples/local/lib/python3.10/dist-packages/crazyflie_examples/multi_trajectory.py
[12.173s] -- Symlinking: /home/lucasgewehr/ros2_ws/install/crazyflie_examples/local/lib/python3.10/dist-packages/crazyflie_examples/nice_hover.py
[12.196s] -- Symlinking: /home/lucasgewehr/ros2_ws/install/crazyflie_examples/local/lib/python3.10/dist-packages/crazyflie_examples/set_param.py
[12.239s] -- Symlinking: /home/lucasgewehr/ros2_ws/install/crazyflie_examples/share/crazyflie_examples//config/nav2_params.yaml
[12.275s] -- Symlinking: /home/lucasgewehr/ros2_ws/install/crazyflie_examples/share/crazyflie_examples//config/nav2_view.rviz
[12.302s] -- Symlinking: /home/lucasgewehr/ros2_ws/install/crazyflie_examples/share/crazyflie_examples//data/map.data
[12.342s] -- Symlinking: /home/lucasgewehr/ros2_ws/install/crazyflie_examples/share/crazyflie_examples//data/map.pgm
[12.361s] -- Symlinking: /home/lucasgewehr/ros2_ws/install/crazyflie_examples/share/crazyflie_examples//data/map.posegraph
[12.403s] -- Symlinking: /home/lucasgewehr/ros2_ws/install/crazyflie_examples/share/crazyflie_examples//data/map.yaml
[12.434s] -- Symlinking: /home/lucasgewehr/ros2_ws/install/crazyflie_examples/share/crazyflie_examples//launch/keyboard_velmux_launch.py
[12.460s] -- Symlinking: /home/lucasgewehr/ros2_ws/install/crazyflie_examples/share/crazyflie_examples//launch/multiranger_mapping_launch.py
[12.497s] -- Symlinking: /home/lucasgewehr/ros2_ws/install/crazyflie_examples/share/crazyflie_examples//launch/multiranger_nav2_launch.py
[12.520s] -- Symlinking: /home/lucasgewehr/ros2_ws/install/crazyflie_examples/share/ament_index/resource_index/package_run_dependencies/crazyflie_examples
[12.558s] -- Symlinking: /home/lucasgewehr/ros2_ws/install/crazyflie_examples/share/ament_index/resource_index/parent_prefix_path/crazyflie_examples
[12.577s] -- Symlinking: /home/lucasgewehr/ros2_ws/install/crazyflie_examples/share/crazyflie_examples/environment/ament_prefix_path.sh
[12.616s] -- Symlinking: /home/lucasgewehr/ros2_ws/install/crazyflie_examples/share/crazyflie_examples/environment/ament_prefix_path.dsv
[12.633s] -- Symlinking: /home/lucasgewehr/ros2_ws/install/crazyflie_examples/share/crazyflie_examples/environment/path.sh
[12.665s] -- Symlinking: /home/lucasgewehr/ros2_ws/install/crazyflie_examples/share/crazyflie_examples/environment/path.dsv
[12.680s] -- Symlinking: /home/lucasgewehr/ros2_ws/install/crazyflie_examples/share/crazyflie_examples/local_setup.bash
[12.715s] -- Symlinking: /home/lucasgewehr/ros2_ws/install/crazyflie_examples/share/crazyflie_examples/local_setup.sh
[12.730s] -- Symlinking: /home/lucasgewehr/ros2_ws/install/crazyflie_examples/share/crazyflie_examples/local_setup.zsh
[12.767s] -- Symlinking: /home/lucasgewehr/ros2_ws/install/crazyflie_examples/share/crazyflie_examples/local_setup.dsv
[12.777s] -- Symlinking: /home/lucasgewehr/ros2_ws/install/crazyflie_examples/share/crazyflie_examples/package.dsv
[12.810s] -- Symlinking: /home/lucasgewehr/ros2_ws/install/crazyflie_examples/share/ament_index/resource_index/packages/crazyflie_examples
[12.827s] -- Symlinking: /home/lucasgewehr/ros2_ws/install/crazyflie_examples/share/crazyflie_examples/cmake/crazyflie_examplesConfig.cmake
[12.844s] -- Symlinking: /home/lucasgewehr/ros2_ws/install/crazyflie_examples/share/crazyflie_examples/cmake/crazyflie_examplesConfig-version.cmake
[12.874s] -- Symlinking: /home/lucasgewehr/ros2_ws/install/crazyflie_examples/share/crazyflie_examples/package.xml
[13.005s] Listing '/home/lucasgewehr/ros2_ws/install/crazyflie_examples/local/lib/python3.10/dist-packages/crazyflie_examples'...
[13.007s] Compiling '/home/lucasgewehr/ros2_ws/install/crazyflie_examples/local/lib/python3.10/dist-packages/crazyflie_examples/__init__.py'...
[13.008s] Compiling '/home/lucasgewehr/ros2_ws/install/crazyflie_examples/local/lib/python3.10/dist-packages/crazyflie_examples/cmd_full_state.py'...
[13.009s] Listing '/home/lucasgewehr/ros2_ws/install/crazyflie_examples/local/lib/python3.10/dist-packages/crazyflie_examples/data'...
[13.010s] Listing '/home/lucasgewehr/ros2_ws/install/crazyflie_examples/local/lib/python3.10/dist-packages/crazyflie_examples/data/multi_trajectory'...
[13.014s] Compiling '/home/lucasgewehr/ros2_ws/install/crazyflie_examples/local/lib/python3.10/dist-packages/crazyflie_examples/figure8.py'...
[13.015s] Compiling '/home/lucasgewehr/ros2_ws/install/crazyflie_examples/local/lib/python3.10/dist-packages/crazyflie_examples/hello_world.py'...
[13.017s] Compiling '/home/lucasgewehr/ros2_ws/install/crazyflie_examples/local/lib/python3.10/dist-packages/crazyflie_examples/multi_trajectory.py'...
[13.017s] Compiling '/home/lucasgewehr/ros2_ws/install/crazyflie_examples/local/lib/python3.10/dist-packages/crazyflie_examples/nice_hover.py'...
[13.018s] Compiling '/home/lucasgewehr/ros2_ws/install/crazyflie_examples/local/lib/python3.10/dist-packages/crazyflie_examples/set_param.py'...
[13.037s] Invoked command in '/home/lucasgewehr/ros2_ws/build/crazyflie_examples' returned '0': AMENT_PREFIX_PATH=/home/lucasgewehr/ros2_ws/install/crazyflie_py:/home/lucasgewehr/ros2_ws/install/crazyflie_interfaces:${AMENT_PREFIX_PATH} CMAKE_PREFIX_PATH=/home/lucasgewehr/ros2_ws/install/crazyflie_interfaces:/opt/ros/humble LD_LIBRARY_PATH=/home/lucasgewehr/ros2_ws/install/crazyflie_interfaces/lib:${LD_LIBRARY_PATH} PYTHONPATH=/home/lucasgewehr/ros2_ws/build/crazyflie_py:/home/lucasgewehr/ros2_ws/install/crazyflie_py/lib/python3.10/site-packages:/home/lucasgewehr/ros2_ws/install/crazyflie_interfaces/local/lib/python3.10/dist-packages:${PYTHONPATH} /usr/bin/cmake --install /home/lucasgewehr/ros2_ws/build/crazyflie_examples
