[2.703s] Invoking command in '/home/lucasgewehr/ros2_ws/src/build/crazyflie_py': AMENT_PREFIX_PATH=/home/lucasgewehr/ros2_ws/src/install/crazyflie_interfaces:${AMENT_PREFIX_PATH} CMAKE_PREFIX_PATH=/home/lucasgewehr/ros2_ws/src/install/crazyflie_interfaces LD_LIBRARY_PATH=/home/lucasgewehr/ros2_ws/src/install/crazyflie_interfaces/lib:${LD_LIBRARY_PATH} PYTHONPATH=/home/lucasgewehr/ros2_ws/src/build/crazyflie_py/prefix_override:/home/lucasgewehr/ros2_ws/src/install/crazyflie_py/lib/python3.10/site-packages:/home/lucasgewehr/ros2_ws/src/install/crazyflie_interfaces/local/lib/python3.10/dist-packages:${PYTHONPATH} /usr/bin/python3 setup.py develop --editable --build-directory /home/lucasgewehr/ros2_ws/src/build/crazyflie_py/build --no-deps install_data
[3.819s] running develop
[3.820s] /usr/lib/python3/dist-packages/setuptools/command/easy_install.py:158: EasyInstallDeprecationWarning: easy_install command is deprecated. Use build and pip and other standards-based tools.
[3.820s]   warnings.warn(
[3.823s] /usr/lib/python3/dist-packages/setuptools/command/install.py:34: SetuptoolsDeprecationWarning: setup.py install is deprecated. Use build and pip and other standards-based tools.
[3.823s]   warnings.warn(
[4.631s] running egg_info
[4.631s] creating crazyflie_py.egg-info
[4.635s] writing crazyflie_py.egg-info/PKG-INFO
[4.635s] writing dependency_links to crazyflie_py.egg-info/dependency_links.txt
[4.636s] writing entry points to crazyflie_py.egg-info/entry_points.txt
[4.636s] writing requirements to crazyflie_py.egg-info/requires.txt
[4.637s] writing top-level names to crazyflie_py.egg-info/top_level.txt
[4.638s] writing manifest file 'crazyflie_py.egg-info/SOURCES.txt'
[4.646s] reading manifest file 'crazyflie_py.egg-info/SOURCES.txt'
[4.650s] writing manifest file 'crazyflie_py.egg-info/SOURCES.txt'
[4.655s] running build_ext
[4.661s] Creating /home/lucasgewehr/ros2_ws/src/install/crazyflie_py/lib/python3.10/site-packages/crazyflie-py.egg-link (link to .)
[4.673s] 
[4.673s] Installed /home/lucasgewehr/ros2_ws/src/build/crazyflie_py
[4.673s] running install_data
[4.673s] creating /home/lucasgewehr/ros2_ws/src/install/crazyflie_py/share/ament_index
[4.674s] creating /home/lucasgewehr/ros2_ws/src/install/crazyflie_py/share/ament_index/resource_index
[4.674s] creating /home/lucasgewehr/ros2_ws/src/install/crazyflie_py/share/ament_index/resource_index/packages
[4.674s] copying resource/crazyflie_py -> /home/lucasgewehr/ros2_ws/src/install/crazyflie_py/share/ament_index/resource_index/packages
[4.674s] copying package.xml -> /home/lucasgewehr/ros2_ws/src/install/crazyflie_py/share/crazyflie_py
[4.760s] Invoked command in '/home/lucasgewehr/ros2_ws/src/build/crazyflie_py' returned '0': AMENT_PREFIX_PATH=/home/lucasgewehr/ros2_ws/src/install/crazyflie_interfaces:${AMENT_PREFIX_PATH} CMAKE_PREFIX_PATH=/home/lucasgewehr/ros2_ws/src/install/crazyflie_interfaces LD_LIBRARY_PATH=/home/lucasgewehr/ros2_ws/src/install/crazyflie_interfaces/lib:${LD_LIBRARY_PATH} PYTHONPATH=/home/lucasgewehr/ros2_ws/src/build/crazyflie_py/prefix_override:/home/lucasgewehr/ros2_ws/src/install/crazyflie_py/lib/python3.10/site-packages:/home/lucasgewehr/ros2_ws/src/install/crazyflie_interfaces/local/lib/python3.10/dist-packages:${PYTHONPATH} /usr/bin/python3 setup.py develop --editable --build-directory /home/lucasgewehr/ros2_ws/src/build/crazyflie_py/build --no-deps install_data
